Thu Mar  1 11:48:14 2018,848 [5896] ERROR core.ConfigDao - Exception in getValue:Doctrine_Connection_Exception: PDO Connection Error: SQLSTATE[HY000] [2002] No connection could be made because the target machine actively refused it.
 in C:\xampp\apps\orangehrm\htdocs\symfony\lib\vendor\lexpress\doctrine1\lib\Doctrine\Connection.php:482
Stack trace:
#0 C:\xampp\apps\orangehrm\htdocs\symfony\lib\vendor\lexpress\doctrine1\lib\Doctrine\Connection\Mysql.php(101): Doctrine_Connection->connect()
#1 C:\xampp\apps\orangehrm\htdocs\symfony\lib\vendor\lexpress\doctrine1\lib\Doctrine\Connection.php(1009): Doctrine_Connection_Mysql->connect()
#2 C:\xampp\apps\orangehrm\htdocs\symfony\lib\vendor\lexpress\doctrine1\lib\Doctrine\Query\Abstract.php(1000): Doctrine_Connection->execute('SELECT h.value ...', Array)
#3 C:\xampp\apps\orangehrm\htdocs\symfony\lib\vendor\lexpress\doctrine1\lib\Doctrine\Query\Abstract.php(1050): Doctrine_Query_Abstract->_execute(Array)
#4 C:\xampp\apps\orangehrm\htdocs\symfony\plugins\orangehrmCorePlugin\lib\dao\ConfigDao.php(71): Doctrine_Query_Abstract->execute(Array, 6)
#5 C:\xampp\apps\orangehrm\htdocs\symfony\plugins\orangehrmCorePlugin\lib\service\ConfigService.php(103): ConfigDao->getValue('admin.localizat...')
#6 C:\xampp\apps\orangehrm\htdocs\symfony\plugins\orangehrmCorePlugin\lib\service\ConfigService.php(261): ConfigService->_getConfigValue('admin.localizat...')
#7 C:\xampp\apps\orangehrm\htdocs\symfony\apps\orangehrm\lib\filter\OrangeI18NFilter.php(47): ConfigService->getAdminLocalizationDefaultLanguage()
#8 C:\xampp\apps\orangehrm\htdocs\symfony\cache\orangehrm\prod\config\config_core_compile.yml.php(1048): OrangeI18NFilter->execute(Object(sfFilterChain))
#9 C:\xampp\apps\orangehrm\htdocs\symfony\apps\orangehrm\lib\filter\ExceptionCatcherFilter.php(26): sfFilterChain->execute()
#10 C:\xampp\apps\orangehrm\htdocs\symfony\cache\orangehrm\prod\config\config_core_compile.yml.php(1048): ExceptionCatcherFilter->execute(Object(sfFilterChain))
#11 C:\xampp\apps\orangehrm\htdocs\symfony\cache\orangehrm\prod\config\config_core_compile.yml.php(1013): sfFilterChain->execute()
#12 C:\xampp\apps\orangehrm\htdocs\symfony\cache\orangehrm\prod\config\config_core_compile.yml.php(1048): sfRenderingFilter->execute(Object(sfFilterChain))
#13 C:\xampp\apps\orangehrm\htdocs\symfony\cache\orangehrm\prod\config\config_core_compile.yml.php(687): sfFilterChain->execute()
#14 C:\xampp\apps\orangehrm\htdocs\symfony\lib\vendor\symfony\lib\filter\sfBasicSecurityFilter.class.php(94): sfController->forward('auth', 'login')
#15 C:\xampp\apps\orangehrm\htdocs\symfony\lib\vendor\symfony\lib\filter\sfBasicSecurityFilter.class.php(55): sfBasicSecurityFilter->forwardToLoginAction()
#16 C:\xampp\apps\orangehrm\htdocs\symfony\cache\orangehrm\prod\config\config_core_compile.yml.php(1048): sfBasicSecurityFilter->execute(Object(sfFilterChain))
#17 C:\xampp\apps\orangehrm\htdocs\symfony\cache\orangehrm\prod\config\config_core_compile.yml.php(1013): sfFilterChain->execute()
#18 C:\xampp\apps\orangehrm\htdocs\symfony\cache\orangehrm\prod\config\config_core_compile.yml.php(1048): sfRenderingFilter->execute(Object(sfFilterChain))
#19 C:\xampp\apps\orangehrm\htdocs\symfony\cache\orangehrm\prod\config\config_core_compile.yml.php(687): sfFilterChain->execute()
#20 C:\xampp\apps\orangehrm\htdocs\symfony\apps\orangehrm\lib\filter\ExceptionCatcherFilter.php(40): sfController->forward('core', 'displayMessage')
#21 C:\xampp\apps\orangehrm\htdocs\symfony\cache\orangehrm\prod\config\config_core_compile.yml.php(1048): ExceptionCatcherFilter->execute(Object(sfFilterChain))
#22 C:\xampp\apps\orangehrm\htdocs\symfony\cache\orangehrm\prod\config\config_core_compile.yml.php(1013): sfFilterChain->execute()
#23 C:\xampp\apps\orangehrm\htdocs\symfony\cache\orangehrm\prod\config\config_core_compile.yml.php(1048): sfRenderingFilter->execute(Object(sfFilterChain))
#24 C:\xampp\apps\orangehrm\htdocs\symfony\cache\orangehrm\prod\config\config_core_compile.yml.php(687): sfFilterChain->execute()
#25 C:\xampp\apps\orangehrm\htdocs\symfony\lib\vendor\symfony\lib\filter\sfBasicSecurityFilter.class.php(94): sfController->forward('auth', 'login')
#26 C:\xampp\apps\orangehrm\htdocs\symfony\lib\vendor\symfony\lib\filter\sfBasicSecurityFilter.class.php(55): sfBasicSecurityFilter->forwardToLoginAction()
#27 C:\xampp\apps\orangehrm\htdocs\symfony\cache\orangehrm\prod\config\config_core_compile.yml.php(1048): sfBasicSecurityFilter->execute(Object(sfFilterChain))
#28 C:\xampp\apps\orangehrm\htdocs\symfony\cache\orangehrm\prod\config\config_core_compile.yml.php(1013): sfFilterChain->execute()
#29 C:\xampp\apps\orangehrm\htdocs\symfony\cache\orangehrm\prod\config\config_core_compile.yml.php(1048): sfRenderingFilter->execute(Object(sfFilterChain))
#30 C:\xampp\apps\orangehrm\htdocs\symfony\cache\orangehrm\prod\config\config_core_compile.yml.php(687): sfFilterChain->execute()
#31 C:\xampp\apps\orangehrm\htdocs\symfony\apps\orangehrm\lib\filter\ExceptionCatcherFilter.php(40): sfController->forward('core', 'displayMessage')
#32 C:\xampp\apps\orangehrm\htdocs\symfony\cache\orangehrm\prod\config\config_core_compile.yml.php(1048): ExceptionCatcherFilter->execute(Object(sfFilterChain))
#33 C:\xampp\apps\orangehrm\htdocs\symfony\cache\orangehrm\prod\config\config_core_compile.yml.php(1013): sfFilterChain->execute()
#34 C:\xampp\apps\orangehrm\htdocs\symfony\cache\orangehrm\prod\config\config_core_compile.yml.php(1048): sfRenderingFilter->execute(Object(sfFilterChain))
#35 C:\xampp\apps\orangehrm\htdocs\symfony\cache\orangehrm\prod\config\config_core_compile.yml.php(687): sfFilterChain->execute()
#36 C:\xampp\apps\orangehrm\htdocs\symfony\cache\orangehrm\prod\config\config_core_compile.yml.php(2782): sfController->forward('auth', 'login')
#37 C:\xampp\apps\orangehrm\htdocs\symfony\lib\vendor\symfony\lib\util\sfContext.class.php(173): sfFrontWebController->dispatch()
#38 C:\xampp\apps\orangehrm\htdocs\symfony\web\index.php(22): sfContext->dispatch()
#39 {main}
Thu Mar  1 11:48:14 2018,848 [5896] ERROR core.ConfigService - Exception in _getConfigValue:Doctrine_Connection_Exception: PDO Connection Error: SQLSTATE[HY000] [2002] No connection could be made because the target machine actively refused it.
 in C:\xampp\apps\orangehrm\htdocs\symfony\lib\vendor\lexpress\doctrine1\lib\Doctrine\Connection.php:482
Stack trace:
#0 C:\xampp\apps\orangehrm\htdocs\symfony\lib\vendor\lexpress\doctrine1\lib\Doctrine\Connection\Mysql.php(101): Doctrine_Connection->connect()
#1 C:\xampp\apps\orangehrm\htdocs\symfony\lib\vendor\lexpress\doctrine1\lib\Doctrine\Connection.php(1009): Doctrine_Connection_Mysql->connect()
#2 C:\xampp\apps\orangehrm\htdocs\symfony\lib\vendor\lexpress\doctrine1\lib\Doctrine\Query\Abstract.php(1000): Doctrine_Connection->execute('SELECT h.value ...', Array)
#3 C:\xampp\apps\orangehrm\htdocs\symfony\lib\vendor\lexpress\doctrine1\lib\Doctrine\Query\Abstract.php(1050): Doctrine_Query_Abstract->_execute(Array)
#4 C:\xampp\apps\orangehrm\htdocs\symfony\plugins\orangehrmCorePlugin\lib\dao\ConfigDao.php(71): Doctrine_Query_Abstract->execute(Array, 6)
#5 C:\xampp\apps\orangehrm\htdocs\symfony\plugins\orangehrmCorePlugin\lib\service\ConfigService.php(103): ConfigDao->getValue('admin.localizat...')
#6 C:\xampp\apps\orangehrm\htdocs\symfony\plugins\orangehrmCorePlugin\lib\service\ConfigService.php(261): ConfigService->_getConfigValue('admin.localizat...')
#7 C:\xampp\apps\orangehrm\htdocs\symfony\apps\orangehrm\lib\filter\OrangeI18NFilter.php(47): ConfigService->getAdminLocalizationDefaultLanguage()
#8 C:\xampp\apps\orangehrm\htdocs\symfony\cache\orangehrm\prod\config\config_core_compile.yml.php(1048): OrangeI18NFilter->execute(Object(sfFilterChain))
#9 C:\xampp\apps\orangehrm\htdocs\symfony\apps\orangehrm\lib\filter\ExceptionCatcherFilter.php(26): sfFilterChain->execute()
#10 C:\xampp\apps\orangehrm\htdocs\symfony\cache\orangehrm\prod\config\config_core_compile.yml.php(1048): ExceptionCatcherFilter->execute(Object(sfFilterChain))
#11 C:\xampp\apps\orangehrm\htdocs\symfony\cache\orangehrm\prod\config\config_core_compile.yml.php(1013): sfFilterChain->execute()
#12 C:\xampp\apps\orangehrm\htdocs\symfony\cache\orangehrm\prod\config\config_core_compile.yml.php(1048): sfRenderingFilter->execute(Object(sfFilterChain))
#13 C:\xampp\apps\orangehrm\htdocs\symfony\cache\orangehrm\prod\config\config_core_compile.yml.php(687): sfFilterChain->execute()
#14 C:\xampp\apps\orangehrm\htdocs\symfony\lib\vendor\symfony\lib\filter\sfBasicSecurityFilter.class.php(94): sfController->forward('auth', 'login')
#15 C:\xampp\apps\orangehrm\htdocs\symfony\lib\vendor\symfony\lib\filter\sfBasicSecurityFilter.class.php(55): sfBasicSecurityFilter->forwardToLoginAction()
#16 C:\xampp\apps\orangehrm\htdocs\symfony\cache\orangehrm\prod\config\config_core_compile.yml.php(1048): sfBasicSecurityFilter->execute(Object(sfFilterChain))
#17 C:\xampp\apps\orangehrm\htdocs\symfony\cache\orangehrm\prod\config\config_core_compile.yml.php(1013): sfFilterChain->execute()
#18 C:\xampp\apps\orangehrm\htdocs\symfony\cache\orangehrm\prod\config\config_core_compile.yml.php(1048): sfRenderingFilter->execute(Object(sfFilterChain))
#19 C:\xampp\apps\orangehrm\htdocs\symfony\cache\orangehrm\prod\config\config_core_compile.yml.php(687): sfFilterChain->execute()
#20 C:\xampp\apps\orangehrm\htdocs\symfony\apps\orangehrm\lib\filter\ExceptionCatcherFilter.php(40): sfController->forward('core', 'displayMessage')
#21 C:\xampp\apps\orangehrm\htdocs\symfony\cache\orangehrm\prod\config\config_core_compile.yml.php(1048): ExceptionCatcherFilter->execute(Object(sfFilterChain))
#22 C:\xampp\apps\orangehrm\htdocs\symfony\cache\orangehrm\prod\config\config_core_compile.yml.php(1013): sfFilterChain->execute()
#23 C:\xampp\apps\orangehrm\htdocs\symfony\cache\orangehrm\prod\config\config_core_compile.yml.php(1048): sfRenderingFilter->execute(Object(sfFilterChain))
#24 C:\xampp\apps\orangehrm\htdocs\symfony\cache\orangehrm\prod\config\config_core_compile.yml.php(687): sfFilterChain->execute()
#25 C:\xampp\apps\orangehrm\htdocs\symfony\lib\vendor\symfony\lib\filter\sfBasicSecurityFilter.class.php(94): sfController->forward('auth', 'login')
#26 C:\xampp\apps\orangehrm\htdocs\symfony\lib\vendor\symfony\lib\filter\sfBasicSecurityFilter.class.php(55): sfBasicSecurityFilter->forwardToLoginAction()
#27 C:\xampp\apps\orangehrm\htdocs\symfony\cache\orangehrm\prod\config\config_core_compile.yml.php(1048): sfBasicSecurityFilter->execute(Object(sfFilterChain))
#28 C:\xampp\apps\orangehrm\htdocs\symfony\cache\orangehrm\prod\config\config_core_compile.yml.php(1013): sfFilterChain->execute()
#29 C:\xampp\apps\orangehrm\htdocs\symfony\cache\orangehrm\prod\config\config_core_compile.yml.php(1048): sfRenderingFilter->execute(Object(sfFilterChain))
#30 C:\xampp\apps\orangehrm\htdocs\symfony\cache\orangehrm\prod\config\config_core_compile.yml.php(687): sfFilterChain->execute()
#31 C:\xampp\apps\orangehrm\htdocs\symfony\apps\orangehrm\lib\filter\ExceptionCatcherFilter.php(40): sfController->forward('core', 'displayMessage')
#32 C:\xampp\apps\orangehrm\htdocs\symfony\cache\orangehrm\prod\config\config_core_compile.yml.php(1048): ExceptionCatcherFilter->execute(Object(sfFilterChain))
#33 C:\xampp\apps\orangehrm\htdocs\symfony\cache\orangehrm\prod\config\config_core_compile.yml.php(1013): sfFilterChain->execute()
#34 C:\xampp\apps\orangehrm\htdocs\symfony\cache\orangehrm\prod\config\config_core_compile.yml.php(1048): sfRenderingFilter->execute(Object(sfFilterChain))
#35 C:\xampp\apps\orangehrm\htdocs\symfony\cache\orangehrm\prod\config\config_core_compile.yml.php(687): sfFilterChain->execute()
#36 C:\xampp\apps\orangehrm\htdocs\symfony\cache\orangehrm\prod\config\config_core_compile.yml.php(2782): sfController->forward('auth', 'login')
#37 C:\xampp\apps\orangehrm\htdocs\symfony\lib\vendor\symfony\lib\util\sfContext.class.php(173): sfFrontWebController->dispatch()
#38 C:\xampp\apps\orangehrm\htdocs\symfony\web\index.php(22): sfContext->dispatch()
#39 {main}

Next DaoException: PDO Connection Error: SQLSTATE[HY000] [2002] No connection could be made because the target machine actively refused it.
 in C:\xampp\apps\orangehrm\htdocs\symfony\plugins\orangehrmCorePlugin\lib\dao\ConfigDao.php:76
Stack trace:
#0 C:\xampp\apps\orangehrm\htdocs\symfony\plugins\orangehrmCorePlugin\lib\service\ConfigService.php(103): ConfigDao->getValue('admin.localizat...')
#1 C:\xampp\apps\orangehrm\htdocs\symfony\plugins\orangehrmCorePlugin\lib\service\ConfigService.php(261): ConfigService->_getConfigValue('admin.localizat...')
#2 C:\xampp\apps\orangehrm\htdocs\symfony\apps\orangehrm\lib\filter\OrangeI18NFilter.php(47): ConfigService->getAdminLocalizationDefaultLanguage()
#3 C:\xampp\apps\orangehrm\htdocs\symfony\cache\orangehrm\prod\config\config_core_compile.yml.php(1048): OrangeI18NFilter->execute(Object(sfFilterChain))
#4 C:\xampp\apps\orangehrm\htdocs\symfony\apps\orangehrm\lib\filter\ExceptionCatcherFilter.php(26): sfFilterChain->execute()
#5 C:\xampp\apps\orangehrm\htdocs\symfony\cache\orangehrm\prod\config\config_core_compile.yml.php(1048): ExceptionCatcherFilter->execute(Object(sfFilterChain))
#6 C:\xampp\apps\orangehrm\htdocs\symfony\cache\orangehrm\prod\config\config_core_compile.yml.php(1013): sfFilterChain->execute()
#7 C:\xampp\apps\orangehrm\htdocs\symfony\cache\orangehrm\prod\config\config_core_compile.yml.php(1048): sfRenderingFilter->execute(Object(sfFilterChain))
#8 C:\xampp\apps\orangehrm\htdocs\symfony\cache\orangehrm\prod\config\config_core_compile.yml.php(687): sfFilterChain->execute()
#9 C:\xampp\apps\orangehrm\htdocs\symfony\lib\vendor\symfony\lib\filter\sfBasicSecurityFilter.class.php(94): sfController->forward('auth', 'login')
#10 C:\xampp\apps\orangehrm\htdocs\symfony\lib\vendor\symfony\lib\filter\sfBasicSecurityFilter.class.php(55): sfBasicSecurityFilter->forwardToLoginAction()
#11 C:\xampp\apps\orangehrm\htdocs\symfony\cache\orangehrm\prod\config\config_core_compile.yml.php(1048): sfBasicSecurityFilter->execute(Object(sfFilterChain))
#12 C:\xampp\apps\orangehrm\htdocs\symfony\cache\orangehrm\prod\config\config_core_compile.yml.php(1013): sfFilterChain->execute()
#13 C:\xampp\apps\orangehrm\htdocs\symfony\cache\orangehrm\prod\config\config_core_compile.yml.php(1048): sfRenderingFilter->execute(Object(sfFilterChain))
#14 C:\xampp\apps\orangehrm\htdocs\symfony\cache\orangehrm\prod\config\config_core_compile.yml.php(687): sfFilterChain->execute()
#15 C:\xampp\apps\orangehrm\htdocs\symfony\apps\orangehrm\lib\filter\ExceptionCatcherFilter.php(40): sfController->forward('core', 'displayMessage')
#16 C:\xampp\apps\orangehrm\htdocs\symfony\cache\orangehrm\prod\config\config_core_compile.yml.php(1048): ExceptionCatcherFilter->execute(Object(sfFilterChain))
#17 C:\xampp\apps\orangehrm\htdocs\symfony\cache\orangehrm\prod\config\config_core_compile.yml.php(1013): sfFilterChain->execute()
#18 C:\xampp\apps\orangehrm\htdocs\symfony\cache\orangehrm\prod\config\config_core_compile.yml.php(1048): sfRenderingFilter->execute(Object(sfFilterChain))
#19 C:\xampp\apps\orangehrm\htdocs\symfony\cache\orangehrm\prod\config\config_core_compile.yml.php(687): sfFilterChain->execute()
#20 C:\xampp\apps\orangehrm\htdocs\symfony\lib\vendor\symfony\lib\filter\sfBasicSecurityFilter.class.php(94): sfController->forward('auth', 'login')
#21 C:\xampp\apps\orangehrm\htdocs\symfony\lib\vendor\symfony\lib\filter\sfBasicSecurityFilter.class.php(55): sfBasicSecurityFilter->forwardToLoginAction()
#22 C:\xampp\apps\orangehrm\htdocs\symfony\cache\orangehrm\prod\config\config_core_compile.yml.php(1048): sfBasicSecurityFilter->execute(Object(sfFilterChain))
#23 C:\xampp\apps\orangehrm\htdocs\symfony\cache\orangehrm\prod\config\config_core_compile.yml.php(1013): sfFilterChain->execute()
#24 C:\xampp\apps\orangehrm\htdocs\symfony\cache\orangehrm\prod\config\config_core_compile.yml.php(1048): sfRenderingFilter->execute(Object(sfFilterChain))
#25 C:\xampp\apps\orangehrm\htdocs\symfony\cache\orangehrm\prod\config\config_core_compile.yml.php(687): sfFilterChain->execute()
#26 C:\xampp\apps\orangehrm\htdocs\symfony\apps\orangehrm\lib\filter\ExceptionCatcherFilter.php(40): sfController->forward('core', 'displayMessage')
#27 C:\xampp\apps\orangehrm\htdocs\symfony\cache\orangehrm\prod\config\config_core_compile.yml.php(1048): ExceptionCatcherFilter->execute(Object(sfFilterChain))
#28 C:\xampp\apps\orangehrm\htdocs\symfony\cache\orangehrm\prod\config\config_core_compile.yml.php(1013): sfFilterChain->execute()
#29 C:\xampp\apps\orangehrm\htdocs\symfony\cache\orangehrm\prod\config\config_core_compile.yml.php(1048): sfRenderingFilter->execute(Object(sfFilterChain))
#30 C:\xampp\apps\orangehrm\htdocs\symfony\cache\orangehrm\prod\config\config_core_compile.yml.php(687): sfFilterChain->execute()
#31 C:\xampp\apps\orangehrm\htdocs\symfony\cache\orangehrm\prod\config\config_core_compile.yml.php(2782): sfController->forward('auth', 'login')
#32 C:\xampp\apps\orangehrm\htdocs\symfony\lib\vendor\symfony\lib\util\sfContext.class.php(173): sfFrontWebController->dispatch()
#33 C:\xampp\apps\orangehrm\htdocs\symfony\web\index.php(22): sfContext->dispatch()
#34 {main}
Thu Mar  1 11:48:14 2018,848 [5896] ERROR filter.ExceptionCatcherFilter - Uncaught Exception: Doctrine_Connection_Exception: PDO Connection Error: SQLSTATE[HY000] [2002] No connection could be made because the target machine actively refused it.
 in C:\xampp\apps\orangehrm\htdocs\symfony\lib\vendor\lexpress\doctrine1\lib\Doctrine\Connection.php:482
Stack trace:
#0 C:\xampp\apps\orangehrm\htdocs\symfony\lib\vendor\lexpress\doctrine1\lib\Doctrine\Connection\Mysql.php(101): Doctrine_Connection->connect()
#1 C:\xampp\apps\orangehrm\htdocs\symfony\lib\vendor\lexpress\doctrine1\lib\Doctrine\Connection.php(1009): Doctrine_Connection_Mysql->connect()
#2 C:\xampp\apps\orangehrm\htdocs\symfony\lib\vendor\lexpress\doctrine1\lib\Doctrine\Query\Abstract.php(1000): Doctrine_Connection->execute('SELECT h.value ...', Array)
#3 C:\xampp\apps\orangehrm\htdocs\symfony\lib\vendor\lexpress\doctrine1\lib\Doctrine\Query\Abstract.php(1050): Doctrine_Query_Abstract->_execute(Array)
#4 C:\xampp\apps\orangehrm\htdocs\symfony\plugins\orangehrmCorePlugin\lib\dao\ConfigDao.php(71): Doctrine_Query_Abstract->execute(Array, 6)
#5 C:\xampp\apps\orangehrm\htdocs\symfony\plugins\orangehrmCorePlugin\lib\service\ConfigService.php(103): ConfigDao->getValue('admin.localizat...')
#6 C:\xampp\apps\orangehrm\htdocs\symfony\plugins\orangehrmCorePlugin\lib\service\ConfigService.php(261): ConfigService->_getConfigValue('admin.localizat...')
#7 C:\xampp\apps\orangehrm\htdocs\symfony\apps\orangehrm\lib\filter\OrangeI18NFilter.php(47): ConfigService->getAdminLocalizationDefaultLanguage()
#8 C:\xampp\apps\orangehrm\htdocs\symfony\cache\orangehrm\prod\config\config_core_compile.yml.php(1048): OrangeI18NFilter->execute(Object(sfFilterChain))
#9 C:\xampp\apps\orangehrm\htdocs\symfony\apps\orangehrm\lib\filter\ExceptionCatcherFilter.php(26): sfFilterChain->execute()
#10 C:\xampp\apps\orangehrm\htdocs\symfony\cache\orangehrm\prod\config\config_core_compile.yml.php(1048): ExceptionCatcherFilter->execute(Object(sfFilterChain))
#11 C:\xampp\apps\orangehrm\htdocs\symfony\cache\orangehrm\prod\config\config_core_compile.yml.php(1013): sfFilterChain->execute()
#12 C:\xampp\apps\orangehrm\htdocs\symfony\cache\orangehrm\prod\config\config_core_compile.yml.php(1048): sfRenderingFilter->execute(Object(sfFilterChain))
#13 C:\xampp\apps\orangehrm\htdocs\symfony\cache\orangehrm\prod\config\config_core_compile.yml.php(687): sfFilterChain->execute()
#14 C:\xampp\apps\orangehrm\htdocs\symfony\lib\vendor\symfony\lib\filter\sfBasicSecurityFilter.class.php(94): sfController->forward('auth', 'login')
#15 C:\xampp\apps\orangehrm\htdocs\symfony\lib\vendor\symfony\lib\filter\sfBasicSecurityFilter.class.php(55): sfBasicSecurityFilter->forwardToLoginAction()
#16 C:\xampp\apps\orangehrm\htdocs\symfony\cache\orangehrm\prod\config\config_core_compile.yml.php(1048): sfBasicSecurityFilter->execute(Object(sfFilterChain))
#17 C:\xampp\apps\orangehrm\htdocs\symfony\cache\orangehrm\prod\config\config_core_compile.yml.php(1013): sfFilterChain->execute()
#18 C:\xampp\apps\orangehrm\htdocs\symfony\cache\orangehrm\prod\config\config_core_compile.yml.php(1048): sfRenderingFilter->execute(Object(sfFilterChain))
#19 C:\xampp\apps\orangehrm\htdocs\symfony\cache\orangehrm\prod\config\config_core_compile.yml.php(687): sfFilterChain->execute()
#20 C:\xampp\apps\orangehrm\htdocs\symfony\apps\orangehrm\lib\filter\ExceptionCatcherFilter.php(40): sfController->forward('core', 'displayMessage')
#21 C:\xampp\apps\orangehrm\htdocs\symfony\cache\orangehrm\prod\config\config_core_compile.yml.php(1048): ExceptionCatcherFilter->execute(Object(sfFilterChain))
#22 C:\xampp\apps\orangehrm\htdocs\symfony\cache\orangehrm\prod\config\config_core_compile.yml.php(1013): sfFilterChain->execute()
#23 C:\xampp\apps\orangehrm\htdocs\symfony\cache\orangehrm\prod\config\config_core_compile.yml.php(1048): sfRenderingFilter->execute(Object(sfFilterChain))
#24 C:\xampp\apps\orangehrm\htdocs\symfony\cache\orangehrm\prod\config\config_core_compile.yml.php(687): sfFilterChain->execute()
#25 C:\xampp\apps\orangehrm\htdocs\symfony\lib\vendor\symfony\lib\filter\sfBasicSecurityFilter.class.php(94): sfController->forward('auth', 'login')
#26 C:\xampp\apps\orangehrm\htdocs\symfony\lib\vendor\symfony\lib\filter\sfBasicSecurityFilter.class.php(55): sfBasicSecurityFilter->forwardToLoginAction()
#27 C:\xampp\apps\orangehrm\htdocs\symfony\cache\orangehrm\prod\config\config_core_compile.yml.php(1048): sfBasicSecurityFilter->execute(Object(sfFilterChain))
#28 C:\xampp\apps\orangehrm\htdocs\symfony\cache\orangehrm\prod\config\config_core_compile.yml.php(1013): sfFilterChain->execute()
#29 C:\xampp\apps\orangehrm\htdocs\symfony\cache\orangehrm\prod\config\config_core_compile.yml.php(1048): sfRenderingFilter->execute(Object(sfFilterChain))
#30 C:\xampp\apps\orangehrm\htdocs\symfony\cache\orangehrm\prod\config\config_core_compile.yml.php(687): sfFilterChain->execute()
#31 C:\xampp\apps\orangehrm\htdocs\symfony\apps\orangehrm\lib\filter\ExceptionCatcherFilter.php(40): sfController->forward('core', 'displayMessage')
#32 C:\xampp\apps\orangehrm\htdocs\symfony\cache\orangehrm\prod\config\config_core_compile.yml.php(1048): ExceptionCatcherFilter->execute(Object(sfFilterChain))
#33 C:\xampp\apps\orangehrm\htdocs\symfony\cache\orangehrm\prod\config\config_core_compile.yml.php(1013): sfFilterChain->execute()
#34 C:\xampp\apps\orangehrm\htdocs\symfony\cache\orangehrm\prod\config\config_core_compile.yml.php(1048): sfRenderingFilter->execute(Object(sfFilterChain))
#35 C:\xampp\apps\orangehrm\htdocs\symfony\cache\orangehrm\prod\config\config_core_compile.yml.php(687): sfFilterChain->execute()
#36 C:\xampp\apps\orangehrm\htdocs\symfony\cache\orangehrm\prod\config\config_core_compile.yml.php(2782): sfController->forward('auth', 'login')
#37 C:\xampp\apps\orangehrm\htdocs\symfony\lib\vendor\symfony\lib\util\sfContext.class.php(173): sfFrontWebController->dispatch()
#38 C:\xampp\apps\orangehrm\htdocs\symfony\web\index.php(22): sfContext->dispatch()
#39 {main}

Next DaoException: PDO Connection Error: SQLSTATE[HY000] [2002] No connection could be made because the target machine actively refused it.
 in C:\xampp\apps\orangehrm\htdocs\symfony\plugins\orangehrmCorePlugin\lib\dao\ConfigDao.php:76
Stack trace:
#0 C:\xampp\apps\orangehrm\htdocs\symfony\plugins\orangehrmCorePlugin\lib\service\ConfigService.php(103): ConfigDao->getValue('admin.localizat...')
#1 C:\xampp\apps\orangehrm\htdocs\symfony\plugins\orangehrmCorePlugin\lib\service\ConfigService.php(261): ConfigService->_getConfigValue('admin.localizat...')
#2 C:\xampp\apps\orangehrm\htdocs\symfony\apps\orangehrm\lib\filter\OrangeI18NFilter.php(47): ConfigService->getAdminLocalizationDefaultLanguage()
#3 C:\xampp\apps\orangehrm\htdocs\symfony\cache\orangehrm\prod\config\config_core_compile.yml.php(1048): OrangeI18NFilter->execute(Object(sfFilterChain))
#4 C:\xampp\apps\orangehrm\htdocs\symfony\apps\orangehrm\lib\filter\ExceptionCatcherFilter.php(26): sfFilterChain->execute()
#5 C:\xampp\apps\orangehrm\htdocs\symfony\cache\orangehrm\prod\config\config_core_compile.yml.php(1048): ExceptionCatcherFilter->execute(Object(sfFilterChain))
#6 C:\xampp\apps\orangehrm\htdocs\symfony\cache\orangehrm\prod\config\config_core_compile.yml.php(1013): sfFilterChain->execute()
#7 C:\xampp\apps\orangehrm\htdocs\symfony\cache\orangehrm\prod\config\config_core_compile.yml.php(1048): sfRenderingFilter->execute(Object(sfFilterChain))
#8 C:\xampp\apps\orangehrm\htdocs\symfony\cache\orangehrm\prod\config\config_core_compile.yml.php(687): sfFilterChain->execute()
#9 C:\xampp\apps\orangehrm\htdocs\symfony\lib\vendor\symfony\lib\filter\sfBasicSecurityFilter.class.php(94): sfController->forward('auth', 'login')
#10 C:\xampp\apps\orangehrm\htdocs\symfony\lib\vendor\symfony\lib\filter\sfBasicSecurityFilter.class.php(55): sfBasicSecurityFilter->forwardToLoginAction()
#11 C:\xampp\apps\orangehrm\htdocs\symfony\cache\orangehrm\prod\config\config_core_compile.yml.php(1048): sfBasicSecurityFilter->execute(Object(sfFilterChain))
#12 C:\xampp\apps\orangehrm\htdocs\symfony\cache\orangehrm\prod\config\config_core_compile.yml.php(1013): sfFilterChain->execute()
#13 C:\xampp\apps\orangehrm\htdocs\symfony\cache\orangehrm\prod\config\config_core_compile.yml.php(1048): sfRenderingFilter->execute(Object(sfFilterChain))
#14 C:\xampp\apps\orangehrm\htdocs\symfony\cache\orangehrm\prod\config\config_core_compile.yml.php(687): sfFilterChain->execute()
#15 C:\xampp\apps\orangehrm\htdocs\symfony\apps\orangehrm\lib\filter\ExceptionCatcherFilter.php(40): sfController->forward('core', 'displayMessage')
#16 C:\xampp\apps\orangehrm\htdocs\symfony\cache\orangehrm\prod\config\config_core_compile.yml.php(1048): ExceptionCatcherFilter->execute(Object(sfFilterChain))
#17 C:\xampp\apps\orangehrm\htdocs\symfony\cache\orangehrm\prod\config\config_core_compile.yml.php(1013): sfFilterChain->execute()
#18 C:\xampp\apps\orangehrm\htdocs\symfony\cache\orangehrm\prod\config\config_core_compile.yml.php(1048): sfRenderingFilter->execute(Object(sfFilterChain))
#19 C:\xampp\apps\orangehrm\htdocs\symfony\cache\orangehrm\prod\config\config_core_compile.yml.php(687): sfFilterChain->execute()
#20 C:\xampp\apps\orangehrm\htdocs\symfony\lib\vendor\symfony\lib\filter\sfBasicSecurityFilter.class.php(94): sfController->forward('auth', 'login')
#21 C:\xampp\apps\orangehrm\htdocs\symfony\lib\vendor\symfony\lib\filter\sfBasicSecurityFilter.class.php(55): sfBasicSecurityFilter->forwardToLoginAction()
#22 C:\xampp\apps\orangehrm\htdocs\symfony\cache\orangehrm\prod\config\config_core_compile.yml.php(1048): sfBasicSecurityFilter->execute(Object(sfFilterChain))
#23 C:\xampp\apps\orangehrm\htdocs\symfony\cache\orangehrm\prod\config\config_core_compile.yml.php(1013): sfFilterChain->execute()
#24 C:\xampp\apps\orangehrm\htdocs\symfony\cache\orangehrm\prod\config\config_core_compile.yml.php(1048): sfRenderingFilter->execute(Object(sfFilterChain))
#25 C:\xampp\apps\orangehrm\htdocs\symfony\cache\orangehrm\prod\config\config_core_compile.yml.php(687): sfFilterChain->execute()
#26 C:\xampp\apps\orangehrm\htdocs\symfony\apps\orangehrm\lib\filter\ExceptionCatcherFilter.php(40): sfController->forward('core', 'displayMessage')
#27 C:\xampp\apps\orangehrm\htdocs\symfony\cache\orangehrm\prod\config\config_core_compile.yml.php(1048): ExceptionCatcherFilter->execute(Object(sfFilterChain))
#28 C:\xampp\apps\orangehrm\htdocs\symfony\cache\orangehrm\prod\config\config_core_compile.yml.php(1013): sfFilterChain->execute()
#29 C:\xampp\apps\orangehrm\htdocs\symfony\cache\orangehrm\prod\config\config_core_compile.yml.php(1048): sfRenderingFilter->execute(Object(sfFilterChain))
#30 C:\xampp\apps\orangehrm\htdocs\symfony\cache\orangehrm\prod\config\config_core_compile.yml.php(687): sfFilterChain->execute()
#31 C:\xampp\apps\orangehrm\htdocs\symfony\cache\orangehrm\prod\config\config_core_compile.yml.php(2782): sfController->forward('auth', 'login')
#32 C:\xampp\apps\orangehrm\htdocs\symfony\lib\vendor\symfony\lib\util\sfContext.class.php(173): sfFrontWebController->dispatch()
#33 C:\xampp\apps\orangehrm\htdocs\symfony\web\index.php(22): sfContext->dispatch()
#34 {main}

Next CoreServiceException: PDO Connection Error: SQLSTATE[HY000] [2002] No connection could be made because the target machine actively refused it.
 in C:\xampp\apps\orangehrm\htdocs\symfony\plugins\orangehrmCorePlugin\lib\service\ConfigService.php:106
Stack trace:
#0 C:\xampp\apps\orangehrm\htdocs\symfony\plugins\orangehrmCorePlugin\lib\service\ConfigService.php(261): ConfigService->_getConfigValue('admin.localizat...')
#1 C:\xampp\apps\orangehrm\htdocs\symfony\apps\orangehrm\lib\filter\OrangeI18NFilter.php(47): ConfigService->getAdminLocalizationDefaultLanguage()
#2 C:\xampp\apps\orangehrm\htdocs\symfony\cache\orangehrm\prod\config\config_core_compile.yml.php(1048): OrangeI18NFilter->execute(Object(sfFilterChain))
#3 C:\xampp\apps\orangehrm\htdocs\symfony\apps\orangehrm\lib\filter\ExceptionCatcherFilter.php(26): sfFilterChain->execute()
#4 C:\xampp\apps\orangehrm\htdocs\symfony\cache\orangehrm\prod\config\config_core_compile.yml.php(1048): ExceptionCatcherFilter->execute(Object(sfFilterChain))
#5 C:\xampp\apps\orangehrm\htdocs\symfony\cache\orangehrm\prod\config\config_core_compile.yml.php(1013): sfFilterChain->execute()
#6 C:\xampp\apps\orangehrm\htdocs\symfony\cache\orangehrm\prod\config\config_core_compile.yml.php(1048): sfRenderingFilter->execute(Object(sfFilterChain))
#7 C:\xampp\apps\orangehrm\htdocs\symfony\cache\orangehrm\prod\config\config_core_compile.yml.php(687): sfFilterChain->execute()
#8 C:\xampp\apps\orangehrm\htdocs\symfony\lib\vendor\symfony\lib\filter\sfBasicSecurityFilter.class.php(94): sfController->forward('auth', 'login')
#9 C:\xampp\apps\orangehrm\htdocs\symfony\lib\vendor\symfony\lib\filter\sfBasicSecurityFilter.class.php(55): sfBasicSecurityFilter->forwardToLoginAction()
#10 C:\xampp\apps\orangehrm\htdocs\symfony\cache\orangehrm\prod\config\config_core_compile.yml.php(1048): sfBasicSecurityFilter->execute(Object(sfFilterChain))
#11 C:\xampp\apps\orangehrm\htdocs\symfony\cache\orangehrm\prod\config\config_core_compile.yml.php(1013): sfFilterChain->execute()
#12 C:\xampp\apps\orangehrm\htdocs\symfony\cache\orangehrm\prod\config\config_core_compile.yml.php(1048): sfRenderingFilter->execute(Object(sfFilterChain))
#13 C:\xampp\apps\orangehrm\htdocs\symfony\cache\orangehrm\prod\config\config_core_compile.yml.php(687): sfFilterChain->execute()
#14 C:\xampp\apps\orangehrm\htdocs\symfony\apps\orangehrm\lib\filter\ExceptionCatcherFilter.php(40): sfController->forward('core', 'displayMessage')
#15 C:\xampp\apps\orangehrm\htdocs\symfony\cache\orangehrm\prod\config\config_core_compile.yml.php(1048): ExceptionCatcherFilter->execute(Object(sfFilterChain))
#16 C:\xampp\apps\orangehrm\htdocs\symfony\cache\orangehrm\prod\config\config_core_compile.yml.php(1013): sfFilterChain->execute()
#17 C:\xampp\apps\orangehrm\htdocs\symfony\cache\orangehrm\prod\config\config_core_compile.yml.php(1048): sfRenderingFilter->execute(Object(sfFilterChain))
#18 C:\xampp\apps\orangehrm\htdocs\symfony\cache\orangehrm\prod\config\config_core_compile.yml.php(687): sfFilterChain->execute()
#19 C:\xampp\apps\orangehrm\htdocs\symfony\lib\vendor\symfony\lib\filter\sfBasicSecurityFilter.class.php(94): sfController->forward('auth', 'login')
#20 C:\xampp\apps\orangehrm\htdocs\symfony\lib\vendor\symfony\lib\filter\sfBasicSecurityFilter.class.php(55): sfBasicSecurityFilter->forwardToLoginAction()
#21 C:\xampp\apps\orangehrm\htdocs\symfony\cache\orangehrm\prod\config\config_core_compile.yml.php(1048): sfBasicSecurityFilter->execute(Object(sfFilterChain))
#22 C:\xampp\apps\orangehrm\htdocs\symfony\cache\orangehrm\prod\config\config_core_compile.yml.php(1013): sfFilterChain->execute()
#23 C:\xampp\apps\orangehrm\htdocs\symfony\cache\orangehrm\prod\config\config_core_compile.yml.php(1048): sfRenderingFilter->execute(Object(sfFilterChain))
#24 C:\xampp\apps\orangehrm\htdocs\symfony\cache\orangehrm\prod\config\config_core_compile.yml.php(687): sfFilterChain->execute()
#25 C:\xampp\apps\orangehrm\htdocs\symfony\apps\orangehrm\lib\filter\ExceptionCatcherFilter.php(40): sfController->forward('core', 'displayMessage')
#26 C:\xampp\apps\orangehrm\htdocs\symfony\cache\orangehrm\prod\config\config_core_compile.yml.php(1048): ExceptionCatcherFilter->execute(Object(sfFilterChain))
#27 C:\xampp\apps\orangehrm\htdocs\symfony\cache\orangehrm\prod\config\config_core_compile.yml.php(1013): sfFilterChain->execute()
#28 C:\xampp\apps\orangehrm\htdocs\symfony\cache\orangehrm\prod\config\config_core_compile.yml.php(1048): sfRenderingFilter->execute(Object(sfFilterChain))
#29 C:\xampp\apps\orangehrm\htdocs\symfony\cache\orangehrm\prod\config\config_core_compile.yml.php(687): sfFilterChain->execute()
#30 C:\xampp\apps\orangehrm\htdocs\symfony\cache\orangehrm\prod\config\config_core_compile.yml.php(2782): sfController->forward('auth', 'login')
#31 C:\xampp\apps\orangehrm\htdocs\symfony\lib\vendor\symfony\lib\util\sfContext.class.php(173): sfFrontWebController->dispatch()
#32 C:\xampp\apps\orangehrm\htdocs\symfony\web\index.php(22): sfContext->dispatch()
#33 {main}
[01-Mar-2018 11:48:14 Europe/Berlin] Too many forwards have been detected for this request.
[01-Mar-2018 15:16:10 Europe/Berlin] PHP Parse error:  syntax error, unexpected '}' in C:\xampp\apps\orangehrm\htdocs\symfony\plugins\orangehrmPurchasingPlugin\lib\dao\RequestSubmissionDao.php on line 154
Thu Mar  1 15:19:26 2018,816 [15028] ERROR filter.ExceptionCatcherFilter - Uncaught Exception: sfException: Call to undefined method sfWebRequest::getParemeter. in C:\xampp\apps\orangehrm\htdocs\symfony\cache\orangehrm\prod\config\config_core_compile.yml.php:1328
Stack trace:
#0 C:\xampp\apps\orangehrm\htdocs\symfony\plugins\orangehrmPurchasingPlugin\modules\purchasing\actions\retrieveTransactionNumberAction.class.php(35): sfRequest->__call('getParemeter', Array)
#1 C:\xampp\apps\orangehrm\htdocs\symfony\cache\orangehrm\prod\config\config_core_compile.yml.php(971): retrieveTransactionNumberAction->execute(Object(sfWebRequest))
#2 C:\xampp\apps\orangehrm\htdocs\symfony\plugins\orangehrmCorePlugin\lib\filter\orangehrmExecutionFilter.php(42): sfExecutionFilter->executeAction(Object(retrieveTransactionNumberAction))
#3 C:\xampp\apps\orangehrm\htdocs\symfony\cache\orangehrm\prod\config\config_core_compile.yml.php(966): orangehrmExecutionFilter->executeAction(Object(retrieveTransactionNumberAction))
#4 C:\xampp\apps\orangehrm\htdocs\symfony\cache\orangehrm\prod\config\config_core_compile.yml.php(952): sfExecutionFilter->handleAction(Object(sfFilterChain), Object(retrieveTransactionNumberAction))
#5 C:\xampp\apps\orangehrm\htdocs\symfony\cache\orangehrm\prod\config\config_core_compile.yml.php(1048): sfExecutionFilter->execute(Object(sfFilterChain))
#6 C:\xampp\apps\orangehrm\htdocs\symfony\lib\vendor\symfony\lib\filter\sfCommonFilter.class.php(29): sfFilterChain->execute()
#7 C:\xampp\apps\orangehrm\htdocs\symfony\cache\orangehrm\prod\config\config_core_compile.yml.php(1048): sfCommonFilter->execute(Object(sfFilterChain))
#8 C:\xampp\apps\orangehrm\htdocs\symfony\plugins\orangehrmCorePlugin\lib\filter\orangehrmPostExecutionFilter.php(22): sfFilterChain->execute()
#9 C:\xampp\apps\orangehrm\htdocs\symfony\cache\orangehrm\prod\config\config_core_compile.yml.php(1048): orangehrmPostExecutionFilter->execute(Object(sfFilterChain))
#10 C:\xampp\apps\orangehrm\htdocs\symfony\apps\orangehrm\lib\filter\ModuleFilter.php(56): sfFilterChain->execute()
#11 C:\xampp\apps\orangehrm\htdocs\symfony\cache\orangehrm\prod\config\config_core_compile.yml.php(1048): ModuleFilter->execute(Object(sfFilterChain))
#12 C:\xampp\apps\orangehrm\htdocs\symfony\plugins\orangehrmCorePlugin\lib\authorization\filter\ohrmAuthorizationFilter.php(101): sfFilterChain->execute()
#13 C:\xampp\apps\orangehrm\htdocs\symfony\cache\orangehrm\prod\config\config_core_compile.yml.php(1048): ohrmAuthorizationFilter->execute(Object(sfFilterChain))
#14 C:\xampp\apps\orangehrm\htdocs\symfony\apps\orangehrm\lib\filter\SessionInfoFetcherFilter.php(67): sfFilterChain->execute()
#15 C:\xampp\apps\orangehrm\htdocs\symfony\cache\orangehrm\prod\config\config_core_compile.yml.php(1048): SessionInfoFetcherFilter->execute(Object(sfFilterChain))
#16 C:\xampp\apps\orangehrm\htdocs\symfony\apps\orangehrm\lib\filter\OrangeI18NFilter.php(58): sfFilterChain->execute()
#17 C:\xampp\apps\orangehrm\htdocs\symfony\cache\orangehrm\prod\config\config_core_compile.yml.php(1048): OrangeI18NFilter->execute(Object(sfFilterChain))
#18 C:\xampp\apps\orangehrm\htdocs\symfony\apps\orangehrm\lib\filter\ExceptionCatcherFilter.php(26): sfFilterChain->execute()
#19 C:\xampp\apps\orangehrm\htdocs\symfony\cache\orangehrm\prod\config\config_core_compile.yml.php(1048): ExceptionCatcherFilter->execute(Object(sfFilterChain))
#20 C:\xampp\apps\orangehrm\htdocs\symfony\lib\vendor\symfony\lib\filter\sfBasicSecurityFilter.class.php(72): sfFilterChain->execute()
#21 C:\xampp\apps\orangehrm\htdocs\symfony\cache\orangehrm\prod\config\config_core_compile.yml.php(1048): sfBasicSecurityFilter->execute(Object(sfFilterChain))
#22 C:\xampp\apps\orangehrm\htdocs\symfony\cache\orangehrm\prod\config\config_core_compile.yml.php(1013): sfFilterChain->execute()
#23 C:\xampp\apps\orangehrm\htdocs\symfony\cache\orangehrm\prod\config\config_core_compile.yml.php(1048): sfRenderingFilter->execute(Object(sfFilterChain))
#24 C:\xampp\apps\orangehrm\htdocs\symfony\cache\orangehrm\prod\config\config_core_compile.yml.php(687): sfFilterChain->execute()
#25 C:\xampp\apps\orangehrm\htdocs\symfony\cache\orangehrm\prod\config\config_core_compile.yml.php(2782): sfController->forward('purchasing', 'retrieveTransac...')
#26 C:\xampp\apps\orangehrm\htdocs\symfony\lib\vendor\symfony\lib\util\sfContext.class.php(173): sfFrontWebController->dispatch()
#27 C:\xampp\apps\orangehrm\htdocs\symfony\web\index.php(22): sfContext->dispatch()
#28 {main}
Thu Mar  1 15:20:50 2018,996 [15028] ERROR filter.ExceptionCatcherFilter - Uncaught Exception: sfException: Call to undefined method sfWebRequest::getParemeter. in C:\xampp\apps\orangehrm\htdocs\symfony\cache\orangehrm\prod\config\config_core_compile.yml.php:1328
Stack trace:
#0 C:\xampp\apps\orangehrm\htdocs\symfony\plugins\orangehrmPurchasingPlugin\modules\purchasing\actions\retrieveTransactionNumberAction.class.php(35): sfRequest->__call('getParemeter', Array)
#1 C:\xampp\apps\orangehrm\htdocs\symfony\cache\orangehrm\prod\config\config_core_compile.yml.php(971): retrieveTransactionNumberAction->execute(Object(sfWebRequest))
#2 C:\xampp\apps\orangehrm\htdocs\symfony\plugins\orangehrmCorePlugin\lib\filter\orangehrmExecutionFilter.php(42): sfExecutionFilter->executeAction(Object(retrieveTransactionNumberAction))
#3 C:\xampp\apps\orangehrm\htdocs\symfony\cache\orangehrm\prod\config\config_core_compile.yml.php(966): orangehrmExecutionFilter->executeAction(Object(retrieveTransactionNumberAction))
#4 C:\xampp\apps\orangehrm\htdocs\symfony\cache\orangehrm\prod\config\config_core_compile.yml.php(952): sfExecutionFilter->handleAction(Object(sfFilterChain), Object(retrieveTransactionNumberAction))
#5 C:\xampp\apps\orangehrm\htdocs\symfony\cache\orangehrm\prod\config\config_core_compile.yml.php(1048): sfExecutionFilter->execute(Object(sfFilterChain))
#6 C:\xampp\apps\orangehrm\htdocs\symfony\lib\vendor\symfony\lib\filter\sfCommonFilter.class.php(29): sfFilterChain->execute()
#7 C:\xampp\apps\orangehrm\htdocs\symfony\cache\orangehrm\prod\config\config_core_compile.yml.php(1048): sfCommonFilter->execute(Object(sfFilterChain))
#8 C:\xampp\apps\orangehrm\htdocs\symfony\plugins\orangehrmCorePlugin\lib\filter\orangehrmPostExecutionFilter.php(22): sfFilterChain->execute()
#9 C:\xampp\apps\orangehrm\htdocs\symfony\cache\orangehrm\prod\config\config_core_compile.yml.php(1048): orangehrmPostExecutionFilter->execute(Object(sfFilterChain))
#10 C:\xampp\apps\orangehrm\htdocs\symfony\apps\orangehrm\lib\filter\ModuleFilter.php(56): sfFilterChain->execute()
#11 C:\xampp\apps\orangehrm\htdocs\symfony\cache\orangehrm\prod\config\config_core_compile.yml.php(1048): ModuleFilter->execute(Object(sfFilterChain))
#12 C:\xampp\apps\orangehrm\htdocs\symfony\plugins\orangehrmCorePlugin\lib\authorization\filter\ohrmAuthorizationFilter.php(101): sfFilterChain->execute()
#13 C:\xampp\apps\orangehrm\htdocs\symfony\cache\orangehrm\prod\config\config_core_compile.yml.php(1048): ohrmAuthorizationFilter->execute(Object(sfFilterChain))
#14 C:\xampp\apps\orangehrm\htdocs\symfony\apps\orangehrm\lib\filter\SessionInfoFetcherFilter.php(67): sfFilterChain->execute()
#15 C:\xampp\apps\orangehrm\htdocs\symfony\cache\orangehrm\prod\config\config_core_compile.yml.php(1048): SessionInfoFetcherFilter->execute(Object(sfFilterChain))
#16 C:\xampp\apps\orangehrm\htdocs\symfony\apps\orangehrm\lib\filter\OrangeI18NFilter.php(58): sfFilterChain->execute()
#17 C:\xampp\apps\orangehrm\htdocs\symfony\cache\orangehrm\prod\config\config_core_compile.yml.php(1048): OrangeI18NFilter->execute(Object(sfFilterChain))
#18 C:\xampp\apps\orangehrm\htdocs\symfony\apps\orangehrm\lib\filter\ExceptionCatcherFilter.php(26): sfFilterChain->execute()
#19 C:\xampp\apps\orangehrm\htdocs\symfony\cache\orangehrm\prod\config\config_core_compile.yml.php(1048): ExceptionCatcherFilter->execute(Object(sfFilterChain))
#20 C:\xampp\apps\orangehrm\htdocs\symfony\lib\vendor\symfony\lib\filter\sfBasicSecurityFilter.class.php(72): sfFilterChain->execute()
#21 C:\xampp\apps\orangehrm\htdocs\symfony\cache\orangehrm\prod\config\config_core_compile.yml.php(1048): sfBasicSecurityFilter->execute(Object(sfFilterChain))
#22 C:\xampp\apps\orangehrm\htdocs\symfony\cache\orangehrm\prod\config\config_core_compile.yml.php(1013): sfFilterChain->execute()
#23 C:\xampp\apps\orangehrm\htdocs\symfony\cache\orangehrm\prod\config\config_core_compile.yml.php(1048): sfRenderingFilter->execute(Object(sfFilterChain))
#24 C:\xampp\apps\orangehrm\htdocs\symfony\cache\orangehrm\prod\config\config_core_compile.yml.php(687): sfFilterChain->execute()
#25 C:\xampp\apps\orangehrm\htdocs\symfony\cache\orangehrm\prod\config\config_core_compile.yml.php(2782): sfController->forward('purchasing', 'retrieveTransac...')
#26 C:\xampp\apps\orangehrm\htdocs\symfony\lib\vendor\symfony\lib\util\sfContext.class.php(173): sfFrontWebController->dispatch()
#27 C:\xampp\apps\orangehrm\htdocs\symfony\web\index.php(22): sfContext->dispatch()
#28 {main}
Thu Mar  1 15:20:51 2018,648 [15028] ERROR filter.ExceptionCatcherFilter - Uncaught Exception: sfException: Call to undefined method sfWebRequest::getParemeter. in C:\xampp\apps\orangehrm\htdocs\symfony\cache\orangehrm\prod\config\config_core_compile.yml.php:1328
Stack trace:
#0 C:\xampp\apps\orangehrm\htdocs\symfony\plugins\orangehrmPurchasingPlugin\modules\purchasing\actions\retrieveTransactionNumberAction.class.php(35): sfRequest->__call('getParemeter', Array)
#1 C:\xampp\apps\orangehrm\htdocs\symfony\cache\orangehrm\prod\config\config_core_compile.yml.php(971): retrieveTransactionNumberAction->execute(Object(sfWebRequest))
#2 C:\xampp\apps\orangehrm\htdocs\symfony\plugins\orangehrmCorePlugin\lib\filter\orangehrmExecutionFilter.php(42): sfExecutionFilter->executeAction(Object(retrieveTransactionNumberAction))
#3 C:\xampp\apps\orangehrm\htdocs\symfony\cache\orangehrm\prod\config\config_core_compile.yml.php(966): orangehrmExecutionFilter->executeAction(Object(retrieveTransactionNumberAction))
#4 C:\xampp\apps\orangehrm\htdocs\symfony\cache\orangehrm\prod\config\config_core_compile.yml.php(952): sfExecutionFilter->handleAction(Object(sfFilterChain), Object(retrieveTransactionNumberAction))
#5 C:\xampp\apps\orangehrm\htdocs\symfony\cache\orangehrm\prod\config\config_core_compile.yml.php(1048): sfExecutionFilter->execute(Object(sfFilterChain))
#6 C:\xampp\apps\orangehrm\htdocs\symfony\lib\vendor\symfony\lib\filter\sfCommonFilter.class.php(29): sfFilterChain->execute()
#7 C:\xampp\apps\orangehrm\htdocs\symfony\cache\orangehrm\prod\config\config_core_compile.yml.php(1048): sfCommonFilter->execute(Object(sfFilterChain))
#8 C:\xampp\apps\orangehrm\htdocs\symfony\plugins\orangehrmCorePlugin\lib\filter\orangehrmPostExecutionFilter.php(22): sfFilterChain->execute()
#9 C:\xampp\apps\orangehrm\htdocs\symfony\cache\orangehrm\prod\config\config_core_compile.yml.php(1048): orangehrmPostExecutionFilter->execute(Object(sfFilterChain))
#10 C:\xampp\apps\orangehrm\htdocs\symfony\apps\orangehrm\lib\filter\ModuleFilter.php(56): sfFilterChain->execute()
#11 C:\xampp\apps\orangehrm\htdocs\symfony\cache\orangehrm\prod\config\config_core_compile.yml.php(1048): ModuleFilter->execute(Object(sfFilterChain))
#12 C:\xampp\apps\orangehrm\htdocs\symfony\plugins\orangehrmCorePlugin\lib\authorization\filter\ohrmAuthorizationFilter.php(101): sfFilterChain->execute()
#13 C:\xampp\apps\orangehrm\htdocs\symfony\cache\orangehrm\prod\config\config_core_compile.yml.php(1048): ohrmAuthorizationFilter->execute(Object(sfFilterChain))
#14 C:\xampp\apps\orangehrm\htdocs\symfony\apps\orangehrm\lib\filter\SessionInfoFetcherFilter.php(67): sfFilterChain->execute()
#15 C:\xampp\apps\orangehrm\htdocs\symfony\cache\orangehrm\prod\config\config_core_compile.yml.php(1048): SessionInfoFetcherFilter->execute(Object(sfFilterChain))
#16 C:\xampp\apps\orangehrm\htdocs\symfony\apps\orangehrm\lib\filter\OrangeI18NFilter.php(58): sfFilterChain->execute()
#17 C:\xampp\apps\orangehrm\htdocs\symfony\cache\orangehrm\prod\config\config_core_compile.yml.php(1048): OrangeI18NFilter->execute(Object(sfFilterChain))
#18 C:\xampp\apps\orangehrm\htdocs\symfony\apps\orangehrm\lib\filter\ExceptionCatcherFilter.php(26): sfFilterChain->execute()
#19 C:\xampp\apps\orangehrm\htdocs\symfony\cache\orangehrm\prod\config\config_core_compile.yml.php(1048): ExceptionCatcherFilter->execute(Object(sfFilterChain))
#20 C:\xampp\apps\orangehrm\htdocs\symfony\lib\vendor\symfony\lib\filter\sfBasicSecurityFilter.class.php(72): sfFilterChain->execute()
#21 C:\xampp\apps\orangehrm\htdocs\symfony\cache\orangehrm\prod\config\config_core_compile.yml.php(1048): sfBasicSecurityFilter->execute(Object(sfFilterChain))
#22 C:\xampp\apps\orangehrm\htdocs\symfony\cache\orangehrm\prod\config\config_core_compile.yml.php(1013): sfFilterChain->execute()
#23 C:\xampp\apps\orangehrm\htdocs\symfony\cache\orangehrm\prod\config\config_core_compile.yml.php(1048): sfRenderingFilter->execute(Object(sfFilterChain))
#24 C:\xampp\apps\orangehrm\htdocs\symfony\cache\orangehrm\prod\config\config_core_compile.yml.php(687): sfFilterChain->execute()
#25 C:\xampp\apps\orangehrm\htdocs\symfony\cache\orangehrm\prod\config\config_core_compile.yml.php(2782): sfController->forward('purchasing', 'retrieveTransac...')
#26 C:\xampp\apps\orangehrm\htdocs\symfony\lib\vendor\symfony\lib\util\sfContext.class.php(173): sfFrontWebController->dispatch()
#27 C:\xampp\apps\orangehrm\htdocs\symfony\web\index.php(22): sfContext->dispatch()
#28 {main}
Thu Mar  1 15:20:51 2018,855 [15028] ERROR filter.ExceptionCatcherFilter - Uncaught Exception: sfException: Call to undefined method sfWebRequest::getParemeter. in C:\xampp\apps\orangehrm\htdocs\symfony\cache\orangehrm\prod\config\config_core_compile.yml.php:1328
Stack trace:
#0 C:\xampp\apps\orangehrm\htdocs\symfony\plugins\orangehrmPurchasingPlugin\modules\purchasing\actions\retrieveTransactionNumberAction.class.php(35): sfRequest->__call('getParemeter', Array)
#1 C:\xampp\apps\orangehrm\htdocs\symfony\cache\orangehrm\prod\config\config_core_compile.yml.php(971): retrieveTransactionNumberAction->execute(Object(sfWebRequest))
#2 C:\xampp\apps\orangehrm\htdocs\symfony\plugins\orangehrmCorePlugin\lib\filter\orangehrmExecutionFilter.php(42): sfExecutionFilter->executeAction(Object(retrieveTransactionNumberAction))
#3 C:\xampp\apps\orangehrm\htdocs\symfony\cache\orangehrm\prod\config\config_core_compile.yml.php(966): orangehrmExecutionFilter->executeAction(Object(retrieveTransactionNumberAction))
#4 C:\xampp\apps\orangehrm\htdocs\symfony\cache\orangehrm\prod\config\config_core_compile.yml.php(952): sfExecutionFilter->handleAction(Object(sfFilterChain), Object(retrieveTransactionNumberAction))
#5 C:\xampp\apps\orangehrm\htdocs\symfony\cache\orangehrm\prod\config\config_core_compile.yml.php(1048): sfExecutionFilter->execute(Object(sfFilterChain))
#6 C:\xampp\apps\orangehrm\htdocs\symfony\lib\vendor\symfony\lib\filter\sfCommonFilter.class.php(29): sfFilterChain->execute()
#7 C:\xampp\apps\orangehrm\htdocs\symfony\cache\orangehrm\prod\config\config_core_compile.yml.php(1048): sfCommonFilter->execute(Object(sfFilterChain))
#8 C:\xampp\apps\orangehrm\htdocs\symfony\plugins\orangehrmCorePlugin\lib\filter\orangehrmPostExecutionFilter.php(22): sfFilterChain->execute()
#9 C:\xampp\apps\orangehrm\htdocs\symfony\cache\orangehrm\prod\config\config_core_compile.yml.php(1048): orangehrmPostExecutionFilter->execute(Object(sfFilterChain))
#10 C:\xampp\apps\orangehrm\htdocs\symfony\apps\orangehrm\lib\filter\ModuleFilter.php(56): sfFilterChain->execute()
#11 C:\xampp\apps\orangehrm\htdocs\symfony\cache\orangehrm\prod\config\config_core_compile.yml.php(1048): ModuleFilter->execute(Object(sfFilterChain))
#12 C:\xampp\apps\orangehrm\htdocs\symfony\plugins\orangehrmCorePlugin\lib\authorization\filter\ohrmAuthorizationFilter.php(101): sfFilterChain->execute()
#13 C:\xampp\apps\orangehrm\htdocs\symfony\cache\orangehrm\prod\config\config_core_compile.yml.php(1048): ohrmAuthorizationFilter->execute(Object(sfFilterChain))
#14 C:\xampp\apps\orangehrm\htdocs\symfony\apps\orangehrm\lib\filter\SessionInfoFetcherFilter.php(67): sfFilterChain->execute()
#15 C:\xampp\apps\orangehrm\htdocs\symfony\cache\orangehrm\prod\config\config_core_compile.yml.php(1048): SessionInfoFetcherFilter->execute(Object(sfFilterChain))
#16 C:\xampp\apps\orangehrm\htdocs\symfony\apps\orangehrm\lib\filter\OrangeI18NFilter.php(58): sfFilterChain->execute()
#17 C:\xampp\apps\orangehrm\htdocs\symfony\cache\orangehrm\prod\config\config_core_compile.yml.php(1048): OrangeI18NFilter->execute(Object(sfFilterChain))
#18 C:\xampp\apps\orangehrm\htdocs\symfony\apps\orangehrm\lib\filter\ExceptionCatcherFilter.php(26): sfFilterChain->execute()
#19 C:\xampp\apps\orangehrm\htdocs\symfony\cache\orangehrm\prod\config\config_core_compile.yml.php(1048): ExceptionCatcherFilter->execute(Object(sfFilterChain))
#20 C:\xampp\apps\orangehrm\htdocs\symfony\lib\vendor\symfony\lib\filter\sfBasicSecurityFilter.class.php(72): sfFilterChain->execute()
#21 C:\xampp\apps\orangehrm\htdocs\symfony\cache\orangehrm\prod\config\config_core_compile.yml.php(1048): sfBasicSecurityFilter->execute(Object(sfFilterChain))
#22 C:\xampp\apps\orangehrm\htdocs\symfony\cache\orangehrm\prod\config\config_core_compile.yml.php(1013): sfFilterChain->execute()
#23 C:\xampp\apps\orangehrm\htdocs\symfony\cache\orangehrm\prod\config\config_core_compile.yml.php(1048): sfRenderingFilter->execute(Object(sfFilterChain))
#24 C:\xampp\apps\orangehrm\htdocs\symfony\cache\orangehrm\prod\config\config_core_compile.yml.php(687): sfFilterChain->execute()
#25 C:\xampp\apps\orangehrm\htdocs\symfony\cache\orangehrm\prod\config\config_core_compile.yml.php(2782): sfController->forward('purchasing', 'retrieveTransac...')
#26 C:\xampp\apps\orangehrm\htdocs\symfony\lib\vendor\symfony\lib\util\sfContext.class.php(173): sfFrontWebController->dispatch()
#27 C:\xampp\apps\orangehrm\htdocs\symfony\web\index.php(22): sfContext->dispatch()
#28 {main}
[02-Mar-2018 01:35:51 Europe/Berlin] PHP Fatal error:  Uncaught Error: Call to a member function execute() on null in C:\xampp\apps\orangehrm\htdocs\symfony\plugins\orangehrmPurchasingPlugin\lib\dao\RequestSubmissionDao.php:155
Stack trace:
#0 C:\xampp\apps\orangehrm\htdocs\symfony\plugins\orangehrmPurchasingPlugin\lib\service\RequestSubmissionService.php(69): RequestSubmissionDao->getRequestByMaster('2018-03-02')
#1 C:\xampp\apps\orangehrm\htdocs\symfony\plugins\orangehrmPurchasingPlugin\modules\purchasing\actions\retrieveTransactionNumberAction.class.php(37): RequestSubmissionService->getRequestByMaster('2018-03-02')
#2 C:\xampp\apps\orangehrm\htdocs\symfony\cache\orangehrm\prod\config\config_core_compile.yml.php(971): retrieveTransactionNumberAction->execute(Object(sfWebRequest))
#3 C:\xampp\apps\orangehrm\htdocs\symfony\plugins\orangehrmCorePlugin\lib\filter\orangehrmExecutionFilter.php(42): sfExecutionFilter->executeAction(Object(retrieveTransactionNumberAction))
#4 C:\xampp\apps\orangehrm\htdocs\symfony\cache\orangehrm\prod\config\config_core_compile.yml.ph in C:\xampp\apps\orangehrm\htdocs\symfony\plugins\orangehrmPurchasingPlugin\lib\dao\RequestSubmissionDao.php on line 155
[02-Mar-2018 01:35:52 Europe/Berlin] PHP Fatal error:  Uncaught Error: Call to a member function execute() on null in C:\xampp\apps\orangehrm\htdocs\symfony\plugins\orangehrmPurchasingPlugin\lib\dao\RequestSubmissionDao.php:155
Stack trace:
#0 C:\xampp\apps\orangehrm\htdocs\symfony\plugins\orangehrmPurchasingPlugin\lib\service\RequestSubmissionService.php(69): RequestSubmissionDao->getRequestByMaster('2018-03-02')
#1 C:\xampp\apps\orangehrm\htdocs\symfony\plugins\orangehrmPurchasingPlugin\modules\purchasing\actions\retrieveTransactionNumberAction.class.php(37): RequestSubmissionService->getRequestByMaster('2018-03-02')
#2 C:\xampp\apps\orangehrm\htdocs\symfony\cache\orangehrm\prod\config\config_core_compile.yml.php(971): retrieveTransactionNumberAction->execute(Object(sfWebRequest))
#3 C:\xampp\apps\orangehrm\htdocs\symfony\plugins\orangehrmCorePlugin\lib\filter\orangehrmExecutionFilter.php(42): sfExecutionFilter->executeAction(Object(retrieveTransactionNumberAction))
#4 C:\xampp\apps\orangehrm\htdocs\symfony\cache\orangehrm\prod\config\config_core_compile.yml.ph in C:\xampp\apps\orangehrm\htdocs\symfony\plugins\orangehrmPurchasingPlugin\lib\dao\RequestSubmissionDao.php on line 155
[02-Mar-2018 01:35:53 Europe/Berlin] PHP Fatal error:  Uncaught Error: Call to a member function execute() on null in C:\xampp\apps\orangehrm\htdocs\symfony\plugins\orangehrmPurchasingPlugin\lib\dao\RequestSubmissionDao.php:155
Stack trace:
#0 C:\xampp\apps\orangehrm\htdocs\symfony\plugins\orangehrmPurchasingPlugin\lib\service\RequestSubmissionService.php(69): RequestSubmissionDao->getRequestByMaster('2018-03-02')
#1 C:\xampp\apps\orangehrm\htdocs\symfony\plugins\orangehrmPurchasingPlugin\modules\purchasing\actions\retrieveTransactionNumberAction.class.php(37): RequestSubmissionService->getRequestByMaster('2018-03-02')
#2 C:\xampp\apps\orangehrm\htdocs\symfony\cache\orangehrm\prod\config\config_core_compile.yml.php(971): retrieveTransactionNumberAction->execute(Object(sfWebRequest))
#3 C:\xampp\apps\orangehrm\htdocs\symfony\plugins\orangehrmCorePlugin\lib\filter\orangehrmExecutionFilter.php(42): sfExecutionFilter->executeAction(Object(retrieveTransactionNumberAction))
#4 C:\xampp\apps\orangehrm\htdocs\symfony\cache\orangehrm\prod\config\config_core_compile.yml.ph in C:\xampp\apps\orangehrm\htdocs\symfony\plugins\orangehrmPurchasingPlugin\lib\dao\RequestSubmissionDao.php on line 155
[02-Mar-2018 01:35:53 Europe/Berlin] PHP Fatal error:  Uncaught Error: Call to a member function execute() on null in C:\xampp\apps\orangehrm\htdocs\symfony\plugins\orangehrmPurchasingPlugin\lib\dao\RequestSubmissionDao.php:155
Stack trace:
#0 C:\xampp\apps\orangehrm\htdocs\symfony\plugins\orangehrmPurchasingPlugin\lib\service\RequestSubmissionService.php(69): RequestSubmissionDao->getRequestByMaster('2018-03-02')
#1 C:\xampp\apps\orangehrm\htdocs\symfony\plugins\orangehrmPurchasingPlugin\modules\purchasing\actions\retrieveTransactionNumberAction.class.php(37): RequestSubmissionService->getRequestByMaster('2018-03-02')
#2 C:\xampp\apps\orangehrm\htdocs\symfony\cache\orangehrm\prod\config\config_core_compile.yml.php(971): retrieveTransactionNumberAction->execute(Object(sfWebRequest))
#3 C:\xampp\apps\orangehrm\htdocs\symfony\plugins\orangehrmCorePlugin\lib\filter\orangehrmExecutionFilter.php(42): sfExecutionFilter->executeAction(Object(retrieveTransactionNumberAction))
#4 C:\xampp\apps\orangehrm\htdocs\symfony\cache\orangehrm\prod\config\config_core_compile.yml.ph in C:\xampp\apps\orangehrm\htdocs\symfony\plugins\orangehrmPurchasingPlugin\lib\dao\RequestSubmissionDao.php on line 155
[02-Mar-2018 01:35:53 Europe/Berlin] PHP Fatal error:  Uncaught Error: Call to a member function execute() on null in C:\xampp\apps\orangehrm\htdocs\symfony\plugins\orangehrmPurchasingPlugin\lib\dao\RequestSubmissionDao.php:155
Stack trace:
#0 C:\xampp\apps\orangehrm\htdocs\symfony\plugins\orangehrmPurchasingPlugin\lib\service\RequestSubmissionService.php(69): RequestSubmissionDao->getRequestByMaster('2018-03-02')
#1 C:\xampp\apps\orangehrm\htdocs\symfony\plugins\orangehrmPurchasingPlugin\modules\purchasing\actions\retrieveTransactionNumberAction.class.php(37): RequestSubmissionService->getRequestByMaster('2018-03-02')
#2 C:\xampp\apps\orangehrm\htdocs\symfony\cache\orangehrm\prod\config\config_core_compile.yml.php(971): retrieveTransactionNumberAction->execute(Object(sfWebRequest))
#3 C:\xampp\apps\orangehrm\htdocs\symfony\plugins\orangehrmCorePlugin\lib\filter\orangehrmExecutionFilter.php(42): sfExecutionFilter->executeAction(Object(retrieveTransactionNumberAction))
#4 C:\xampp\apps\orangehrm\htdocs\symfony\cache\orangehrm\prod\config\config_core_compile.yml.ph in C:\xampp\apps\orangehrm\htdocs\symfony\plugins\orangehrmPurchasingPlugin\lib\dao\RequestSubmissionDao.php on line 155
[02-Mar-2018 01:35:53 Europe/Berlin] PHP Fatal error:  Uncaught Error: Call to a member function execute() on null in C:\xampp\apps\orangehrm\htdocs\symfony\plugins\orangehrmPurchasingPlugin\lib\dao\RequestSubmissionDao.php:155
Stack trace:
#0 C:\xampp\apps\orangehrm\htdocs\symfony\plugins\orangehrmPurchasingPlugin\lib\service\RequestSubmissionService.php(69): RequestSubmissionDao->getRequestByMaster('2018-03-02')
#1 C:\xampp\apps\orangehrm\htdocs\symfony\plugins\orangehrmPurchasingPlugin\modules\purchasing\actions\retrieveTransactionNumberAction.class.php(37): RequestSubmissionService->getRequestByMaster('2018-03-02')
#2 C:\xampp\apps\orangehrm\htdocs\symfony\cache\orangehrm\prod\config\config_core_compile.yml.php(971): retrieveTransactionNumberAction->execute(Object(sfWebRequest))
#3 C:\xampp\apps\orangehrm\htdocs\symfony\plugins\orangehrmCorePlugin\lib\filter\orangehrmExecutionFilter.php(42): sfExecutionFilter->executeAction(Object(retrieveTransactionNumberAction))
#4 C:\xampp\apps\orangehrm\htdocs\symfony\cache\orangehrm\prod\config\config_core_compile.yml.ph in C:\xampp\apps\orangehrm\htdocs\symfony\plugins\orangehrmPurchasingPlugin\lib\dao\RequestSubmissionDao.php on line 155
[02-Mar-2018 01:36:04 Europe/Berlin] PHP Fatal error:  Uncaught Error: Call to a member function execute() on null in C:\xampp\apps\orangehrm\htdocs\symfony\plugins\orangehrmPurchasingPlugin\lib\dao\RequestSubmissionDao.php:155
Stack trace:
#0 C:\xampp\apps\orangehrm\htdocs\symfony\plugins\orangehrmPurchasingPlugin\lib\service\RequestSubmissionService.php(69): RequestSubmissionDao->getRequestByMaster('2018-03-02')
#1 C:\xampp\apps\orangehrm\htdocs\symfony\plugins\orangehrmPurchasingPlugin\modules\purchasing\actions\retrieveTransactionNumberAction.class.php(37): RequestSubmissionService->getRequestByMaster('2018-03-02')
#2 C:\xampp\apps\orangehrm\htdocs\symfony\cache\orangehrm\prod\config\config_core_compile.yml.php(971): retrieveTransactionNumberAction->execute(Object(sfWebRequest))
#3 C:\xampp\apps\orangehrm\htdocs\symfony\plugins\orangehrmCorePlugin\lib\filter\orangehrmExecutionFilter.php(42): sfExecutionFilter->executeAction(Object(retrieveTransactionNumberAction))
#4 C:\xampp\apps\orangehrm\htdocs\symfony\cache\orangehrm\prod\config\config_core_compile.yml.ph in C:\xampp\apps\orangehrm\htdocs\symfony\plugins\orangehrmPurchasingPlugin\lib\dao\RequestSubmissionDao.php on line 155
[02-Mar-2018 01:36:22 Europe/Berlin] PHP Fatal error:  Uncaught Error: Call to a member function execute() on null in C:\xampp\apps\orangehrm\htdocs\symfony\plugins\orangehrmPurchasingPlugin\lib\dao\RequestSubmissionDao.php:155
Stack trace:
#0 C:\xampp\apps\orangehrm\htdocs\symfony\plugins\orangehrmPurchasingPlugin\lib\service\RequestSubmissionService.php(69): RequestSubmissionDao->getRequestByMaster('2018-03-02')
#1 C:\xampp\apps\orangehrm\htdocs\symfony\plugins\orangehrmPurchasingPlugin\modules\purchasing\actions\retrieveTransactionNumberAction.class.php(37): RequestSubmissionService->getRequestByMaster('2018-03-02')
#2 C:\xampp\apps\orangehrm\htdocs\symfony\cache\orangehrm\prod\config\config_core_compile.yml.php(971): retrieveTransactionNumberAction->execute(Object(sfWebRequest))
#3 C:\xampp\apps\orangehrm\htdocs\symfony\plugins\orangehrmCorePlugin\lib\filter\orangehrmExecutionFilter.php(42): sfExecutionFilter->executeAction(Object(retrieveTransactionNumberAction))
#4 C:\xampp\apps\orangehrm\htdocs\symfony\cache\orangehrm\prod\config\config_core_compile.yml.ph in C:\xampp\apps\orangehrm\htdocs\symfony\plugins\orangehrmPurchasingPlugin\lib\dao\RequestSubmissionDao.php on line 155
[02-Mar-2018 01:36:54 Europe/Berlin] PHP Fatal error:  Uncaught Error: Call to a member function execute() on null in C:\xampp\apps\orangehrm\htdocs\symfony\plugins\orangehrmPurchasingPlugin\lib\dao\RequestSubmissionDao.php:155
Stack trace:
#0 C:\xampp\apps\orangehrm\htdocs\symfony\plugins\orangehrmPurchasingPlugin\lib\service\RequestSubmissionService.php(69): RequestSubmissionDao->getRequestByMaster('2018-03-02')
#1 C:\xampp\apps\orangehrm\htdocs\symfony\plugins\orangehrmPurchasingPlugin\modules\purchasing\actions\retrieveTransactionNumberAction.class.php(37): RequestSubmissionService->getRequestByMaster('2018-03-02')
#2 C:\xampp\apps\orangehrm\htdocs\symfony\cache\orangehrm\prod\config\config_core_compile.yml.php(971): retrieveTransactionNumberAction->execute(Object(sfWebRequest))
#3 C:\xampp\apps\orangehrm\htdocs\symfony\plugins\orangehrmCorePlugin\lib\filter\orangehrmExecutionFilter.php(42): sfExecutionFilter->executeAction(Object(retrieveTransactionNumberAction))
#4 C:\xampp\apps\orangehrm\htdocs\symfony\cache\orangehrm\prod\config\config_core_compile.yml.ph in C:\xampp\apps\orangehrm\htdocs\symfony\plugins\orangehrmPurchasingPlugin\lib\dao\RequestSubmissionDao.php on line 155
[02-Mar-2018 01:36:55 Europe/Berlin] PHP Fatal error:  Uncaught Error: Call to a member function execute() on null in C:\xampp\apps\orangehrm\htdocs\symfony\plugins\orangehrmPurchasingPlugin\lib\dao\RequestSubmissionDao.php:155
Stack trace:
#0 C:\xampp\apps\orangehrm\htdocs\symfony\plugins\orangehrmPurchasingPlugin\lib\service\RequestSubmissionService.php(69): RequestSubmissionDao->getRequestByMaster('2018-03-02')
#1 C:\xampp\apps\orangehrm\htdocs\symfony\plugins\orangehrmPurchasingPlugin\modules\purchasing\actions\retrieveTransactionNumberAction.class.php(37): RequestSubmissionService->getRequestByMaster('2018-03-02')
#2 C:\xampp\apps\orangehrm\htdocs\symfony\cache\orangehrm\prod\config\config_core_compile.yml.php(971): retrieveTransactionNumberAction->execute(Object(sfWebRequest))
#3 C:\xampp\apps\orangehrm\htdocs\symfony\plugins\orangehrmCorePlugin\lib\filter\orangehrmExecutionFilter.php(42): sfExecutionFilter->executeAction(Object(retrieveTransactionNumberAction))
#4 C:\xampp\apps\orangehrm\htdocs\symfony\cache\orangehrm\prod\config\config_core_compile.yml.ph in C:\xampp\apps\orangehrm\htdocs\symfony\plugins\orangehrmPurchasingPlugin\lib\dao\RequestSubmissionDao.php on line 155
[02-Mar-2018 01:36:55 Europe/Berlin] PHP Fatal error:  Uncaught Error: Call to a member function execute() on null in C:\xampp\apps\orangehrm\htdocs\symfony\plugins\orangehrmPurchasingPlugin\lib\dao\RequestSubmissionDao.php:155
Stack trace:
#0 C:\xampp\apps\orangehrm\htdocs\symfony\plugins\orangehrmPurchasingPlugin\lib\service\RequestSubmissionService.php(69): RequestSubmissionDao->getRequestByMaster('2018-03-02')
#1 C:\xampp\apps\orangehrm\htdocs\symfony\plugins\orangehrmPurchasingPlugin\modules\purchasing\actions\retrieveTransactionNumberAction.class.php(37): RequestSubmissionService->getRequestByMaster('2018-03-02')
#2 C:\xampp\apps\orangehrm\htdocs\symfony\cache\orangehrm\prod\config\config_core_compile.yml.php(971): retrieveTransactionNumberAction->execute(Object(sfWebRequest))
#3 C:\xampp\apps\orangehrm\htdocs\symfony\plugins\orangehrmCorePlugin\lib\filter\orangehrmExecutionFilter.php(42): sfExecutionFilter->executeAction(Object(retrieveTransactionNumberAction))
#4 C:\xampp\apps\orangehrm\htdocs\symfony\cache\orangehrm\prod\config\config_core_compile.yml.ph in C:\xampp\apps\orangehrm\htdocs\symfony\plugins\orangehrmPurchasingPlugin\lib\dao\RequestSubmissionDao.php on line 155
[02-Mar-2018 01:36:55 Europe/Berlin] PHP Fatal error:  Uncaught Error: Call to a member function execute() on null in C:\xampp\apps\orangehrm\htdocs\symfony\plugins\orangehrmPurchasingPlugin\lib\dao\RequestSubmissionDao.php:155
Stack trace:
#0 C:\xampp\apps\orangehrm\htdocs\symfony\plugins\orangehrmPurchasingPlugin\lib\service\RequestSubmissionService.php(69): RequestSubmissionDao->getRequestByMaster('2018-03-02')
#1 C:\xampp\apps\orangehrm\htdocs\symfony\plugins\orangehrmPurchasingPlugin\modules\purchasing\actions\retrieveTransactionNumberAction.class.php(37): RequestSubmissionService->getRequestByMaster('2018-03-02')
#2 C:\xampp\apps\orangehrm\htdocs\symfony\cache\orangehrm\prod\config\config_core_compile.yml.php(971): retrieveTransactionNumberAction->execute(Object(sfWebRequest))
#3 C:\xampp\apps\orangehrm\htdocs\symfony\plugins\orangehrmCorePlugin\lib\filter\orangehrmExecutionFilter.php(42): sfExecutionFilter->executeAction(Object(retrieveTransactionNumberAction))
#4 C:\xampp\apps\orangehrm\htdocs\symfony\cache\orangehrm\prod\config\config_core_compile.yml.ph in C:\xampp\apps\orangehrm\htdocs\symfony\plugins\orangehrmPurchasingPlugin\lib\dao\RequestSubmissionDao.php on line 155
[02-Mar-2018 01:36:55 Europe/Berlin] PHP Fatal error:  Uncaught Error: Call to a member function execute() on null in C:\xampp\apps\orangehrm\htdocs\symfony\plugins\orangehrmPurchasingPlugin\lib\dao\RequestSubmissionDao.php:155
Stack trace:
#0 C:\xampp\apps\orangehrm\htdocs\symfony\plugins\orangehrmPurchasingPlugin\lib\service\RequestSubmissionService.php(69): RequestSubmissionDao->getRequestByMaster('2018-03-02')
#1 C:\xampp\apps\orangehrm\htdocs\symfony\plugins\orangehrmPurchasingPlugin\modules\purchasing\actions\retrieveTransactionNumberAction.class.php(37): RequestSubmissionService->getRequestByMaster('2018-03-02')
#2 C:\xampp\apps\orangehrm\htdocs\symfony\cache\orangehrm\prod\config\config_core_compile.yml.php(971): retrieveTransactionNumberAction->execute(Object(sfWebRequest))
#3 C:\xampp\apps\orangehrm\htdocs\symfony\plugins\orangehrmCorePlugin\lib\filter\orangehrmExecutionFilter.php(42): sfExecutionFilter->executeAction(Object(retrieveTransactionNumberAction))
#4 C:\xampp\apps\orangehrm\htdocs\symfony\cache\orangehrm\prod\config\config_core_compile.yml.ph in C:\xampp\apps\orangehrm\htdocs\symfony\plugins\orangehrmPurchasingPlugin\lib\dao\RequestSubmissionDao.php on line 155
[02-Mar-2018 01:42:55 Europe/Berlin] PHP Fatal error:  Uncaught Error: Call to undefined method RequestSubmissionService::getRequestByStatus() in C:\xampp\apps\orangehrm\htdocs\symfony\plugins\orangehrmPurchasingPlugin\modules\purchasing\actions\requestReportAction.class.php:45
Stack trace:
#0 C:\xampp\apps\orangehrm\htdocs\symfony\cache\orangehrm\prod\config\config_core_compile.yml.php(971): requestReportAction->execute(Object(sfWebRequest))
#1 C:\xampp\apps\orangehrm\htdocs\symfony\plugins\orangehrmCorePlugin\lib\filter\orangehrmExecutionFilter.php(42): sfExecutionFilter->executeAction(Object(requestReportAction))
#2 C:\xampp\apps\orangehrm\htdocs\symfony\cache\orangehrm\prod\config\config_core_compile.yml.php(966): orangehrmExecutionFilter->executeAction(Object(requestReportAction))
#3 C:\xampp\apps\orangehrm\htdocs\symfony\cache\orangehrm\prod\config\config_core_compile.yml.php(952): sfExecutionFilter->handleAction(Object(sfFilterChain), Object(requestReportAction))
#4 C:\xampp\apps\orangehrm\htdocs\symfony\cache\orangehrm\prod\config\config_core_compile.yml. in C:\xampp\apps\orangehrm\htdocs\symfony\plugins\orangehrmPurchasingPlugin\modules\purchasing\actions\requestReportAction.class.php on line 45
